<?xml version="1.0" encoding="utf-8"?><testsuites name="pytest tests"><testsuite name="pytest" errors="0" failures="1" skipped="0" tests="13" time="5.798" timestamp="2026-05-05T12:35:51.536747+00:00" hostname="agent-env-f98767d4-7228-4d7c-9835-9994f1d350eb"><testcase classname="backend.tests.test_mailtrack_api.TestAuth" name="test_me_unauth_returns_401" time="0.823" /><testcase classname="backend.tests.test_mailtrack_api.TestAuth" name="test_me_with_bearer" time="0.161" /><testcase classname="backend.tests.test_mailtrack_api.TestAuth" name="test_rotate_ext_key" time="0.702" /><testcase classname="backend.tests.test_mailtrack_api.TestTracking" name="test_track_create_requires_ext_key" time="0.147" /><testcase classname="backend.tests.test_mailtrack_api.TestTracking" name="test_track_create_with_ext_key" time="0.403" /><testcase classname="backend.tests.test_mailtrack_api.TestTracking" name="test_pixel_returns_png_and_increments" time="1.134" /><testcase classname="backend.tests.test_mailtrack_api.TestEmails" name="test_list_emails_auth" time="0.270" /><testcase classname="backend.tests.test_mailtrack_api.TestEmails" name="test_list_emails_unauth" time="0.408" /><testcase classname="backend.tests.test_mailtrack_api.TestEmails" name="test_emails_by_ext" time="0.698" /><testcase classname="backend.tests.test_mailtrack_api.TestEmails" name="test_emails_by_ext_unauth" time="0.302" /><testcase classname="backend.tests.test_mailtrack_api.TestFollowUps" name="test_create_list_mark_delete" time="0.184"><failure message="AssertionError: Internal Server Error&#10;assert 500 == 200&#10; +  where 500 = &lt;Response [500]&gt;.status_code">backend/tests/test_mailtrack_api.py:118: in test_create_list_mark_delete
    assert r.status_code == 200, r.text
E   AssertionError: Internal Server Error
E   assert 500 == 200
E    +  where 500 = &lt;Response [500]&gt;.status_code</failure></testcase><testcase classname="backend.tests.test_mailtrack_api.TestFollowUps" name="test_create_followup_invalid_tracked" time="0.115" /><testcase classname="backend.tests.test_mailtrack_api.TestStats" name="test_stats" time="0.305" /></testsuite></testsuites>